Base path: 'C:/Program Files/Unity/Hub/Editor/2019.2.8f1/Editor/Data', plugins path 'C:/Program Files/Unity/Hub/Editor/2019.2.8f1/Editor/Data/PlaybackEngines'
Cmd: initializeCompiler
Cmd: initializeCompiler
Cmd: preprocessCompute
  insize=7938 outsize=7960 ok=1
Cmd: compileComputeKernel
  api=4 insize=7960 outsize=1494 ok=1
Cmd: compileComputeKernel
  api=4 insize=7960 outsize=1121 ok=1
Cmd: compileComputeKernel
  api=4 insize=7960 outsize=2524 ok=1
Cmd: compileComputeKernel
  api=4 insize=7960 outsize=1531 ok=1
Cmd: compileComputeKernel
  api=4 insize=7960 outsize=1508 ok=1
Cmd: compileComputeKernel
  api=4 insize=7960 outsize=1611 ok=1
Cmd: compileComputeKernel
  api=4 insize=7960 outsize=1574 ok=1
Cmd: compileComputeKernel
  api=4 insize=7960 outsize=1359 ok=1
Cmd: preprocessCompute
  insize=64064 outsize=64076 ok=1
Cmd: compileComputeKernel
  api=4 insize=64076 outsize=2621 ok=1
Cmd: compileComputeKernel
  api=4 insize=64076 outsize=4640 ok=1
Cmd: compileComputeKernel
  api=4 insize=64076 outsize=5366 ok=1
Cmd: preprocessCompute
  insize=9889 outsize=9919 ok=1
Cmd: compileComputeKernel
  api=4 insize=9919 outsize=1879 ok=1
Cmd: compileComputeKernel
  api=4 insize=9919 outsize=1879 ok=1
Cmd: compileComputeKernel
  api=4 insize=9919 outsize=1916 ok=1
Cmd: compileComputeKernel
  api=4 insize=9919 outsize=2057 ok=1
Cmd: preprocessCompute
  insize=24319 outsize=24335 ok=1
Cmd: compileComputeKernel
  api=4 insize=24335 outsize=2679 ok=1
Cmd: compileComputeKernel
  api=4 insize=24335 outsize=9521 ok=1
Cmd: compileComputeKernel
  api=4 insize=24335 outsize=4144 ok=1
Cmd: preprocessCompute
  insize=7323 outsize=7335 ok=1
Cmd: compileComputeKernel
  api=4 insize=7335 outsize=2128 ok=1
Cmd: preprocessCompute
  insize=44214 outsize=44336 ok=1
Cmd: compileComputeKernel
  api=4 insize=44336 outsize=1546 ok=1
Cmd: compileComputeKernel
  api=4 insize=44336 outsize=2939 ok=1
Cmd: compileComputeKernel
  api=4 insize=44336 outsize=2024 ok=1
Cmd: compileComputeKernel
  api=4 insize=44336 outsize=1662 ok=1
Cmd: compileComputeKernel
  api=4 insize=44336 outsize=1605 ok=1
Cmd: compileComputeKernel
  api=4 insize=44336 outsize=1282 ok=1
Cmd: compileComputeKernel
  api=4 insize=44336 outsize=1626 ok=1
Cmd: compileComputeKernel
  api=4 insize=44336 outsize=1378 ok=1
Cmd: compileComputeKernel
  api=4 insize=44336 outsize=1354 ok=1
Cmd: compileComputeKernel
  api=4 insize=44336 outsize=1306 ok=1
Cmd: compileComputeKernel
  api=4 insize=44336 outsize=1772 ok=1
Cmd: compileComputeKernel
  api=4 insize=44336 outsize=1879 ok=1
Cmd: compileComputeKernel
  api=4 insize=44336 outsize=1879 ok=1
Cmd: compileComputeKernel
  api=4 insize=44336 outsize=1879 ok=1
Cmd: compileComputeKernel
  api=4 insize=44336 outsize=1908 ok=1
Cmd: compileComputeKernel
  api=4 insize=44336 outsize=2057 ok=1
Cmd: compileComputeKernel
  api=4 insize=44336 outsize=1321 ok=1
Cmd: compileComputeKernel
  api=4 insize=44336 outsize=1336 ok=1
Cmd: compileComputeKernel
  api=4 insize=44336 outsize=2011 ok=1
Cmd: compileComputeKernel
  api=4 insize=44336 outsize=1475 ok=1
Cmd: preprocessCompute
  insize=4073 outsize=4081 ok=1
Cmd: compileComputeKernel
  api=4 insize=4081 outsize=1475 ok=1
Cmd: preprocessCompute
  insize=1808 outsize=1810 ok=1
Cmd: compileComputeKernel
  api=4 insize=1810 outsize=3117 ok=1
Cmd: preprocessCompute
  insize=29208 outsize=29386 ok=1
Cmd: compileComputeKernel
  api=4 insize=29386 outsize=677 ok=1
Cmd: compileComputeKernel
  api=4 insize=29386 outsize=775 ok=1
Cmd: compileComputeKernel
  api=4 insize=29386 outsize=711 ok=1
Cmd: compileComputeKernel
  api=4 insize=29386 outsize=970 ok=1
Cmd: compileComputeKernel
  api=4 insize=29386 outsize=910 ok=1
Cmd: compileComputeKernel
  api=4 insize=29386 outsize=759 ok=1
Cmd: compileComputeKernel
  api=4 insize=29386 outsize=817 ok=1
Cmd: compileComputeKernel
  api=4 insize=29386 outsize=950 ok=1
Cmd: compileComputeKernel
  api=4 insize=29386 outsize=701 ok=1
Cmd: compileComputeKernel
  api=4 insize=29386 outsize=677 ok=1
Cmd: compileComputeKernel
  api=4 insize=29386 outsize=759 ok=1
Cmd: compileComputeKernel
  api=4 insize=29386 outsize=700 ok=1
Cmd: compileComputeKernel
  api=4 insize=29386 outsize=1287 ok=1
Cmd: compileComputeKernel
  api=4 insize=29386 outsize=1293 ok=1
Cmd: compileComputeKernel
  api=4 insize=29386 outsize=1542 ok=1
Cmd: compileComputeKernel
  api=4 insize=29386 outsize=1452 ok=1
Cmd: compileComputeKernel
  api=4 insize=29386 outsize=1378 ok=1
Cmd: compileComputeKernel
  api=4 insize=29386 outsize=1437 ok=1
Cmd: compileComputeKernel
  api=4 insize=29386 outsize=1291 ok=1
Cmd: compileComputeKernel
  api=4 insize=29386 outsize=1306 ok=1
Cmd: compileComputeKernel
  api=4 insize=29386 outsize=1256 ok=1
Cmd: compileComputeKernel
  api=4 insize=29386 outsize=1341 ok=1
Cmd: compileComputeKernel
  api=4 insize=29386 outsize=1613 ok=1
