Base path: 'C:/Program Files/Unity/Hub/Editor/2019.2.8f1/Editor/Data', plugins path 'C:/Program Files/Unity/Hub/Editor/2019.2.8f1/Editor/Data/PlaybackEngines'
Cmd: initializeCompiler
Cmd: compileComputeKernel
  api=4 insize=7960 outsize=1553 ok=1
Cmd: compileComputeKernel
  api=4 insize=64076 outsize=12497 ok=1
Cmd: compileComputeKernel
  api=4 insize=9919 outsize=1883 ok=1
Cmd: compileComputeKernel
  api=4 insize=9919 outsize=1879 ok=1
Cmd: compileComputeKernel
  api=4 insize=9919 outsize=1913 ok=1
Cmd: compileComputeKernel
  api=4 insize=24335 outsize=10712 ok=1
Cmd: compileComputeKernel
  api=4 insize=7335 outsize=1799 ok=1
Cmd: compileComputeKernel
  api=4 insize=7335 outsize=2550 ok=1
Cmd: compileComputeKernel
  error: 1 plat 4 at BarracudaReferenceImpl.compute(1256): array reference cannot be used as an l-value; not natively addressable, forcing loop to unroll
  error: 1 plat 4 at BarracudaReferenceImpl.compute(1266): array reference cannot be used as an l-value; not natively addressable, forcing loop to unroll
  api=4 insize=44336 outsize=8563 ok=1
Cmd: compileComputeKernel
  api=4 insize=4081 outsize=1585 ok=1
Cmd: compileComputeKernel
  api=4 insize=29386 outsize=772 ok=1
Cmd: compileComputeKernel
  api=4 insize=29386 outsize=777 ok=1
Cmd: compileComputeKernel
  api=4 insize=29386 outsize=806 ok=1
Cmd: compileComputeKernel
  api=4 insize=29386 outsize=1032 ok=1
Cmd: compileComputeKernel
  api=4 insize=29386 outsize=791 ok=1
Cmd: compileComputeKernel
  api=4 insize=29386 outsize=868 ok=1
Cmd: compileComputeKernel
  api=4 insize=29386 outsize=749 ok=1
Cmd: compileComputeKernel
  api=4 insize=29386 outsize=677 ok=1
Cmd: compileComputeKernel
  api=4 insize=29386 outsize=796 ok=1
Cmd: compileComputeKernel
  api=4 insize=29386 outsize=831 ok=1
Cmd: compileComputeKernel
  api=4 insize=29386 outsize=811 ok=1
Cmd: compileComputeKernel
  api=4 insize=29386 outsize=1316 ok=1
Cmd: compileComputeKernel
  api=4 insize=29386 outsize=1067 ok=1
Cmd: compileComputeKernel
  api=4 insize=29386 outsize=1479 ok=1
Cmd: compileComputeKernel
  api=4 insize=29386 outsize=1364 ok=1
Cmd: compileComputeKernel
  api=4 insize=29386 outsize=1315 ok=1
Cmd: compileComputeKernel
  api=4 insize=29386 outsize=1354 ok=1
Cmd: compileComputeKernel
  api=4 insize=29386 outsize=1283 ok=1
Cmd: compileComputeKernel
  api=4 insize=29386 outsize=1243 ok=1
Cmd: compileComputeKernel
  api=4 insize=29386 outsize=1216 ok=1
Cmd: compileComputeKernel
  api=4 insize=29386 outsize=1626 ok=1
Cmd: compileComputeKernel
  api=4 insize=29386 outsize=1382 ok=1
